2025-07-22 15:43:50,029 - __main__ - INFO - Инициализация подключения к базе данных...
2025-07-22 15:45:08,499 - __main__ - INFO - Инициализация подключения к базе данных...
2025-07-22 15:45:10,610 - __main__ - INFO - Успешное подключение к базе данных
2025-07-22 15:45:10,644 - __main__ - INFO - Таблицы базы данных инициализированы
2025-07-22 15:45:10,646 - __main__ - INFO - Экземпляр бота создан
2025-07-22 15:45:10,647 - __main__ - INFO - Сервер API запущен на порту 5000
2025-07-22 15:45:10,647 - __main__ - INFO - === ЗАПУСК БОТА ===
2025-07-22 15:45:10,647 - __main__ - INFO - Запуск polling бота...
2025-07-22 15:45:10,647 - __main__ - INFO - Бот запущен и ожидает сообщений...
2025-07-22 15:45:10,659 - werkzeug - INFO - [31m[1mWARNING: This is a development server. Do not use it in a production deployment. Use a production WSGI server instead.[0m
 * Running on all addresses (0.0.0.0)
 * Running on http://127.0.0.1:5000
 * Running on http://192.168.0.11:5000
2025-07-22 15:45:10,659 - werkzeug - INFO - [33mPress CTRL+C to quit[0m
2025-07-22 15:45:28,673 - __main__ - INFO - Получено сообщение: '🖥️ Система' от 888929480
2025-07-22 15:45:28,673 - __main__ - INFO - Открытие меню системы для чата 888929480
2025-07-22 15:45:33,478 - __main__ - INFO - Получено сообщение: '📸 Скриншот' от 888929480
2025-07-22 15:45:33,478 - __main__ - INFO - Запрос скриншота от 888929480
2025-09-05 14:25:04,936 - __main__ - INFO - Инициализация подключения к базе данных...
2025-09-05 14:25:09,092 - __main__ - ERROR - Ошибка подключения к БД (попытка 1/5): 2003 (HY000): Can't connect to MySQL server on 'localhost:3306' (10061)
2025-09-05 14:25:18,143 - __main__ - ERROR - Ошибка подключения к БД (попытка 2/5): 2003 (HY000): Can't connect to MySQL server on 'localhost:3306' (10061)
